<?xml version="1.0" encoding="UTF-8"?>
<robot generator="Robot 7.0 (Python 3.10.11 on win32)" generated="2024-07-19T17:02:10.620184" rpa="false" schemaversion="5">
<suite id="s1" name="Test" source="C:\Test\tests\test.robot">
<test id="s1-t1" name="TC-001 Test Login Success with correct username &amp; password" line="28">
<kw name="Open Google" owner="resource">
<kw name="Open Browser" owner="SeleniumLibrary">
<msg time="2024-07-19T17:02:11.076415" level="INFO">Opening browser 'Chrome' to base url 'http://www.google.com'.</msg>
<msg time="2024-07-19T17:02:11.804153" level="WARN">The chromedriver version (125.0.6422.78) detected in PATH at C:\Chromedriver\chromedriver.exe might not be compatible with the detected chrome version (126.0.6478.184); currently, chromedriver 126.0.6478.182 is recommended for chrome 126.*, so it is advised to delete the driver in PATH and retry</msg>
<arg>${Browser}</arg>
<arg>${Chrome}</arg>
<doc>Opens a new browser instance to the optional ``url``.</doc>
<status status="PASS" start="2024-07-19T17:02:11.076415" elapsed="3.828089"/>
</kw>
<status status="PASS" start="2024-07-19T17:02:11.072381" elapsed="3.832123"/>
</kw>
<kw name="Input Text" owner="SeleniumLibrary">
<msg time="2024-07-19T17:02:14.906337" level="INFO">Typing text 'Automate Test by Peerawut' into text field 'name=q'.</msg>
<arg>name=q</arg>
<arg>Automate Test by Peerawut</arg>
<doc>Types the given ``text`` into the text field identified by ``locator``.</doc>
<status status="PASS" start="2024-07-19T17:02:14.904504" elapsed="0.425894"/>
</kw>
<kw name="Sleep" owner="BuiltIn">
<msg time="2024-07-19T17:02:20.330430" level="INFO">Slept 5 seconds.</msg>
<arg>5 s</arg>
<doc>Pauses the test executed for the given time.</doc>
<status status="PASS" start="2024-07-19T17:02:15.330398" elapsed="5.000032"/>
</kw>
<status status="PASS" start="2024-07-19T17:02:11.072381" elapsed="9.262218"/>
</test>
<status status="PASS" start="2024-07-19T17:02:10.622734" elapsed="9.712398"/>
</suite>
<statistics>
<total>
<stat pass="1" fail="0" skip="0">All Tests</stat>
</total>
<tag>
</tag>
<suite>
<stat pass="1" fail="0" skip="0" id="s1" name="Test">Test</stat>
</suite>
</statistics>
<errors>
<msg time="2024-07-19T17:02:11.804153" level="WARN">The chromedriver version (125.0.6422.78) detected in PATH at C:\Chromedriver\chromedriver.exe might not be compatible with the detected chrome version (126.0.6478.184); currently, chromedriver 126.0.6478.182 is recommended for chrome 126.*, so it is advised to delete the driver in PATH and retry</msg>
</errors>
</robot>
